<?xml version="1.0" encoding="UTF-8"?>
<testng-results skipped="0" failed="0" ignored="0" total="1" passed="1">
  <reporter-output>
  </reporter-output>
  <suite name="Default suite" duration-ms="32664" started-at="2018-04-02T08:21:13Z" finished-at="2018-04-02T08:21:46Z">
    <groups>
      <group name="cucumber">
        <method signature="AbstractTestNGCucumberTests.feature(cucumber.api.testng.CucumberFeatureWrapper)[pri:0, instance:com.cucumber.framework.runner.productCategory.ProductCategoryMenu@5700d6b1]" name="feature" class="cucumber.api.testng.AbstractTestNGCucumberTests"/>
      </group> <!-- cucumber -->
    </groups>
    <test name="Default test" duration-ms="32664" started-at="2018-04-02T08:21:13Z" finished-at="2018-04-02T08:21:46Z">
      <class name="com.cucumber.framework.runner.productCategory.ProductCategoryMenu">
        <test-method status="PASS" signature="setUpClass()[pri:0, instance:com.cucumber.framework.runner.productCategory.ProductCategoryMenu@5700d6b1]" name="setUpClass" is-config="true" duration-ms="364" started-at="2018-04-02T13:51:13Z" finished-at="2018-04-02T13:51:14Z">
          <reporter-output>
          </reporter-output>
        </test-method> <!-- setUpClass -->
        <test-method status="PASS" signature="feature(cucumber.api.testng.CucumberFeatureWrapper)[pri:0, instance:com.cucumber.framework.runner.productCategory.ProductCategoryMenu@5700d6b1]" name="feature" duration-ms="32093" started-at="2018-04-02T13:51:14Z" description="Runs Cucumber Feature" data-provider="features" finished-at="2018-04-02T13:51:46Z">
          <params>
            <param index="0">
              <value>
                <![CDATA[ProductCategoryPage]]>
              </value>
            </param>
          </params>
          <reporter-output>
          </reporter-output>
        </test-method> <!-- feature -->
        <test-method status="PASS" signature="tearDownClass()[pri:0, instance:com.cucumber.framework.runner.productCategory.ProductCategoryMenu@5700d6b1]" name="tearDownClass" is-config="true" duration-ms="65" started-at="2018-04-02T13:51:46Z" finished-at="2018-04-02T13:51:46Z">
          <reporter-output>
          </reporter-output>
        </test-method> <!-- tearDownClass -->
      </class> <!-- com.cucumber.framework.runner.productCategory.ProductCategoryMenu -->
    </test> <!-- Default test -->
  </suite> <!-- Default suite -->
</testng-results>
